[23-Oct-2018 10:21:40 UTC] PHP Fatal error:  Call to a member function showInfo() on a non-object in /home/ubuntu/workspace/oopsp/oop.php on line 54
[23-Oct-2018 10:21:40 UTC] PHP Stack trace:
[23-Oct-2018 10:21:40 UTC] PHP   1. {main}() /home/ubuntu/workspace/oopsp/oop.php:0
[28-Oct-2018 11:59:43 UTC] PHP Parse error:  syntax error, unexpected '{', expecting function (T_FUNCTION) in /home/ubuntu/workspace/news/NewsDB.class.php on line 45
[03-Nov-2018 10:18:44 UTC] PHP Fatal error:  Uncaught exception 'PDOException' with message 'SQLSTATE[HY000] [1049] Unknown database 'pdoposts'' in /home/ubuntu/workspace/pdo/index.php:12
Stack trace:
#0 /home/ubuntu/workspace/pdo/index.php(12): PDO->__construct('mysql:host=loca...', 'igdevelopers', '')
#1 {main}
  thrown in /home/ubuntu/workspace/pdo/index.php on line 12
[03-Nov-2018 10:19:32 UTC] PHP Fatal error:  Uncaught exception 'PDOException' with message 'SQLSTATE[HY000] [1049] Unknown database 'pdoposts'' in /home/ubuntu/workspace/pdo/index.php:12
Stack trace:
#0 /home/ubuntu/workspace/pdo/index.php(12): PDO->__construct('mysql:host=loca...', 'igdevelopers', '')
#1 {main}
  thrown in /home/ubuntu/workspace/pdo/index.php on line 12
[03-Nov-2018 10:59:49 UTC] PHP Fatal error:  Uncaught exception 'PDOException' with message 'SQLSTATE[HY000] [1045] Access denied for user 'root'@'localhost' (using password: YES)' in /home/ubuntu/workspace/pdo/imgUpload.php:13
Stack trace:
#0 /home/ubuntu/workspace/pdo/imgUpload.php(13): PDO->__construct('mysql:host=loca...', 'root', 'root')
#1 {main}
  thrown in /home/ubuntu/workspace/pdo/imgUpload.php on line 13
[03-Nov-2018 11:01:37 UTC] PHP Fatal error:  Call to a member function fetch() on a non-object in /home/ubuntu/workspace/pdo/imgUpload.php on line 28
[03-Nov-2018 11:01:37 UTC] PHP Stack trace:
[03-Nov-2018 11:01:37 UTC] PHP   1. {main}() /home/ubuntu/workspace/pdo/imgUpload.php:0
[03-Nov-2018 11:04:45 UTC] PHP Fatal error:  Call to a member function fetch() on a non-object in /home/ubuntu/workspace/pdo/imgUpload.php on line 30
[03-Nov-2018 11:04:45 UTC] PHP Stack trace:
[03-Nov-2018 11:04:45 UTC] PHP   1. {main}() /home/ubuntu/workspace/pdo/imgUpload.php:0
[03-Nov-2018 11:05:49 UTC] PHP Fatal error:  Call to a member function fetch() on a non-object in /home/ubuntu/workspace/pdo/imgUpload.php on line 30
[03-Nov-2018 11:05:49 UTC] PHP Stack trace:
[03-Nov-2018 11:05:49 UTC] PHP   1. {main}() /home/ubuntu/workspace/pdo/imgUpload.php:0
[03-Nov-2018 11:07:15 UTC] PHP Fatal error:  Call to a member function fetch() on a non-object in /home/ubuntu/workspace/pdo/imgUpload.php on line 30
[03-Nov-2018 11:07:15 UTC] PHP Stack trace:
[03-Nov-2018 11:07:15 UTC] PHP   1. {main}() /home/ubuntu/workspace/pdo/imgUpload.php:0
[03-Nov-2018 11:08:36 UTC] PHP Fatal error:  Call to a member function fetch() on a non-object in /home/ubuntu/workspace/pdo/imgUpload.php on line 30
[03-Nov-2018 11:08:36 UTC] PHP Stack trace:
[03-Nov-2018 11:08:36 UTC] PHP   1. {main}() /home/ubuntu/workspace/pdo/imgUpload.php:0
[03-Nov-2018 11:15:23 UTC] PHP Fatal error:  Call to a member function fetch() on a non-object in /home/ubuntu/workspace/pdo/imgUpload.php on line 31
[03-Nov-2018 11:15:23 UTC] PHP Stack trace:
[03-Nov-2018 11:15:23 UTC] PHP   1. {main}() /home/ubuntu/workspace/pdo/imgUpload.php:0
[03-Nov-2018 11:28:23 UTC] PHP Parse error:  syntax error, unexpected ')' in /home/ubuntu/workspace/pdo/imgUpload.php on line 19
[03-Nov-2018 11:28:39 UTC] PHP Catchable fatal error:  Object of class mysqli could not be converted to string in /home/ubuntu/workspace/pdo/imgUpload.php on line 19
[03-Nov-2018 11:28:39 UTC] PHP Stack trace:
[03-Nov-2018 11:28:39 UTC] PHP   1. {main}() /home/ubuntu/workspace/pdo/imgUpload.php:0
[03-Nov-2018 11:39:40 UTC] PHP Catchable fatal error:  Object of class mysqli could not be converted to string in /home/ubuntu/workspace/pdo/imgUpload.php on line 19
[03-Nov-2018 11:39:40 UTC] PHP Stack trace:
[03-Nov-2018 11:39:40 UTC] PHP   1. {main}() /home/ubuntu/workspace/pdo/imgUpload.php:0
[03-Nov-2018 11:39:51 UTC] PHP Catchable fatal error:  Object of class mysqli could not be converted to string in /home/ubuntu/workspace/pdo/imgUpload.php on line 19
[03-Nov-2018 11:39:51 UTC] PHP Stack trace:
[03-Nov-2018 11:39:51 UTC] PHP   1. {main}() /home/ubuntu/workspace/pdo/imgUpload.php:0
[03-Nov-2018 11:55:42 UTC] PHP Warning:  mysqli_stmt_bind_param() expects parameter 1 to be mysqli_stmt, string given in /home/ubuntu/workspace/pdo/imgUpload.php on line 29
[03-Nov-2018 11:55:42 UTC] PHP Stack trace:
[03-Nov-2018 11:55:42 UTC] PHP   1. {main}() /home/ubuntu/workspace/pdo/imgUpload.php:0
[03-Nov-2018 11:55:42 UTC] PHP   2. mysqli_stmt_bind_param() /home/ubuntu/workspace/pdo/imgUpload.php:29
[03-Nov-2018 11:55:42 UTC] PHP Warning:  mysqli_stmt_execute() expects parameter 1 to be mysqli_stmt, boolean given in /home/ubuntu/workspace/pdo/imgUpload.php on line 30
[03-Nov-2018 11:55:42 UTC] PHP Stack trace:
[03-Nov-2018 11:55:42 UTC] PHP   1. {main}() /home/ubuntu/workspace/pdo/imgUpload.php:0
[03-Nov-2018 11:55:42 UTC] PHP   2. mysqli_stmt_execute() /home/ubuntu/workspace/pdo/imgUpload.php:30
[03-Nov-2018 11:55:42 UTC] PHP Warning:  mysqli_stmt_close() expects parameter 1 to be mysqli_stmt, boolean given in /home/ubuntu/workspace/pdo/imgUpload.php on line 31
[03-Nov-2018 11:55:42 UTC] PHP Stack trace:
[03-Nov-2018 11:55:42 UTC] PHP   1. {main}() /home/ubuntu/workspace/pdo/imgUpload.php:0
[03-Nov-2018 11:55:42 UTC] PHP   2. mysqli_stmt_close() /home/ubuntu/workspace/pdo/imgUpload.php:31
[03-Nov-2018 11:56:10 UTC] PHP Warning:  mysqli_stmt_bind_param() expects parameter 1 to be mysqli_stmt, boolean given in /home/ubuntu/workspace/pdo/imgUpload.php on line 29
[03-Nov-2018 11:56:10 UTC] PHP Stack trace:
[03-Nov-2018 11:56:10 UTC] PHP   1. {main}() /home/ubuntu/workspace/pdo/imgUpload.php:0
[03-Nov-2018 11:56:10 UTC] PHP   2. mysqli_stmt_bind_param() /home/ubuntu/workspace/pdo/imgUpload.php:29
[03-Nov-2018 11:56:10 UTC] PHP Warning:  mysqli_stmt_execute() expects parameter 1 to be mysqli_stmt, boolean given in /home/ubuntu/workspace/pdo/imgUpload.php on line 30
[03-Nov-2018 11:56:10 UTC] PHP Stack trace:
[03-Nov-2018 11:56:10 UTC] PHP   1. {main}() /home/ubuntu/workspace/pdo/imgUpload.php:0
[03-Nov-2018 11:56:10 UTC] PHP   2. mysqli_stmt_execute() /home/ubuntu/workspace/pdo/imgUpload.php:30
[03-Nov-2018 11:56:10 UTC] PHP Warning:  mysqli_stmt_close() expects parameter 1 to be mysqli_stmt, boolean given in /home/ubuntu/workspace/pdo/imgUpload.php on line 31
[03-Nov-2018 11:56:10 UTC] PHP Stack trace:
[03-Nov-2018 11:56:10 UTC] PHP   1. {main}() /home/ubuntu/workspace/pdo/imgUpload.php:0
[03-Nov-2018 11:56:10 UTC] PHP   2. mysqli_stmt_close() /home/ubuntu/workspace/pdo/imgUpload.php:31
[03-Nov-2018 11:57:17 UTC] PHP Warning:  mysqli_stmt_bind_param() expects parameter 1 to be mysqli_stmt, boolean given in /home/ubuntu/workspace/pdo/imgUpload.php on line 29
[03-Nov-2018 11:57:17 UTC] PHP Stack trace:
[03-Nov-2018 11:57:17 UTC] PHP   1. {main}() /home/ubuntu/workspace/pdo/imgUpload.php:0
[03-Nov-2018 11:57:17 UTC] PHP   2. mysqli_stmt_bind_param() /home/ubuntu/workspace/pdo/imgUpload.php:29
[03-Nov-2018 11:57:17 UTC] PHP Warning:  mysqli_stmt_execute() expects parameter 1 to be mysqli_stmt, boolean given in /home/ubuntu/workspace/pdo/imgUpload.php on line 30
[03-Nov-2018 11:57:17 UTC] PHP Stack trace:
[03-Nov-2018 11:57:17 UTC] PHP   1. {main}() /home/ubuntu/workspace/pdo/imgUpload.php:0
[03-Nov-2018 11:57:17 UTC] PHP   2. mysqli_stmt_execute() /home/ubuntu/workspace/pdo/imgUpload.php:30
[03-Nov-2018 11:57:17 UTC] PHP Warning:  mysqli_stmt_close() expects parameter 1 to be mysqli_stmt, boolean given in /home/ubuntu/workspace/pdo/imgUpload.php on line 31
[03-Nov-2018 11:57:17 UTC] PHP Stack trace:
[03-Nov-2018 11:57:17 UTC] PHP   1. {main}() /home/ubuntu/workspace/pdo/imgUpload.php:0
[03-Nov-2018 11:57:17 UTC] PHP   2. mysqli_stmt_close() /home/ubuntu/workspace/pdo/imgUpload.php:31
[03-Nov-2018 11:57:39 UTC] PHP Warning:  mysqli_stmt_bind_param() expects parameter 1 to be mysqli_stmt, boolean given in /home/ubuntu/workspace/pdo/imgUpload.php on line 31
[03-Nov-2018 11:57:39 UTC] PHP Stack trace:
[03-Nov-2018 11:57:39 UTC] PHP   1. {main}() /home/ubuntu/workspace/pdo/imgUpload.php:0
[03-Nov-2018 11:57:39 UTC] PHP   2. mysqli_stmt_bind_param() /home/ubuntu/workspace/pdo/imgUpload.php:31
[03-Nov-2018 11:57:39 UTC] PHP Warning:  mysqli_stmt_execute() expects parameter 1 to be mysqli_stmt, boolean given in /home/ubuntu/workspace/pdo/imgUpload.php on line 32
[03-Nov-2018 11:57:39 UTC] PHP Stack trace:
[03-Nov-2018 11:57:39 UTC] PHP   1. {main}() /home/ubuntu/workspace/pdo/imgUpload.php:0
[03-Nov-2018 11:57:39 UTC] PHP   2. mysqli_stmt_execute() /home/ubuntu/workspace/pdo/imgUpload.php:32
[03-Nov-2018 11:57:39 UTC] PHP Warning:  mysqli_stmt_close() expects parameter 1 to be mysqli_stmt, boolean given in /home/ubuntu/workspace/pdo/imgUpload.php on line 33
[03-Nov-2018 11:57:39 UTC] PHP Stack trace:
[03-Nov-2018 11:57:39 UTC] PHP   1. {main}() /home/ubuntu/workspace/pdo/imgUpload.php:0
[03-Nov-2018 11:57:39 UTC] PHP   2. mysqli_stmt_close() /home/ubuntu/workspace/pdo/imgUpload.php:33
[03-Nov-2018 12:57:37 UTC] PHP Warning:  mysqli_fetch_array() expects parameter 1 to be mysqli_result, boolean given in /home/ubuntu/workspace/pdo/imgUploadPrcd.php on line 75
[03-Nov-2018 12:57:37 UTC] PHP Stack trace:
[03-Nov-2018 12:57:37 UTC] PHP   1. {main}() /home/ubuntu/workspace/pdo/imgUploadPrcd.php:0
[03-Nov-2018 12:57:37 UTC] PHP   2. mysqli_fetch_array() /home/ubuntu/workspace/pdo/imgUploadPrcd.php:75
[04-Nov-2018 10:28:45 UTC] PHP Fatal error:  Cannot use object of type stdClass as array in /home/ubuntu/workspace/pdo/base.php on line 33
[04-Nov-2018 10:28:45 UTC] PHP Stack trace:
[04-Nov-2018 10:28:45 UTC] PHP   1. {main}() /home/ubuntu/workspace/pdo/base.php:0
[04-Nov-2018 10:30:10 UTC] PHP Fatal error:  Cannot use object of type stdClass as array in /home/ubuntu/workspace/pdo/base.php on line 33
[04-Nov-2018 10:30:10 UTC] PHP Stack trace:
[04-Nov-2018 10:30:10 UTC] PHP   1. {main}() /home/ubuntu/workspace/pdo/base.php:0
