[29-Oct-2018 13:43:30 UTC] PHP Parse error:  syntax error, unexpected 'echo' (T_ECHO) in /home/ubuntu/workspace/recepiepg/recepiepg/admin/admin.page.php on line 112
[29-Oct-2018 13:43:49 UTC] PHP Warning:  require(saveNews.class.php): failed to open stream: No such file or directory in /home/ubuntu/workspace/recepiepg/recepiepg/admin/admin.page.php on line 10
[29-Oct-2018 13:43:50 UTC] PHP Stack trace:
[29-Oct-2018 13:43:50 UTC] PHP   1. {main}() /home/ubuntu/workspace/recepiepg/recepiepg/admin/admin.page.php:0
[29-Oct-2018 13:43:50 UTC] PHP Fatal error:  require(): Failed opening required 'saveNews.class.php' (include_path='.:/usr/share/php:/usr/share/pear') in /home/ubuntu/workspace/recepiepg/recepiepg/admin/admin.page.php on line 10
[29-Oct-2018 13:43:50 UTC] PHP Stack trace:
[29-Oct-2018 13:43:50 UTC] PHP   1. {main}() /home/ubuntu/workspace/recepiepg/recepiepg/admin/admin.page.php:0
[29-Oct-2018 13:44:36 UTC] PHP Warning:  require(saveNews.class.php): failed to open stream: No such file or directory in /home/ubuntu/workspace/recepiepg/recepiepg/admin/admin.page.php on line 10
[29-Oct-2018 13:44:36 UTC] PHP Stack trace:
[29-Oct-2018 13:44:36 UTC] PHP   1. {main}() /home/ubuntu/workspace/recepiepg/recepiepg/admin/admin.page.php:0
[29-Oct-2018 13:44:36 UTC] PHP Fatal error:  require(): Failed opening required 'saveNews.class.php' (include_path='.:/usr/share/php:/usr/share/pear') in /home/ubuntu/workspace/recepiepg/recepiepg/admin/admin.page.php on line 10
[29-Oct-2018 13:44:36 UTC] PHP Stack trace:
[29-Oct-2018 13:44:36 UTC] PHP   1. {main}() /home/ubuntu/workspace/recepiepg/recepiepg/admin/admin.page.php:0
[29-Oct-2018 13:46:05 UTC] PHP Warning:  require(saveNews.class.php): failed to open stream: No such file or directory in /home/ubuntu/workspace/recepiepg/recepiepg/admin/admin.page.php on line 10
[29-Oct-2018 13:46:05 UTC] PHP Stack trace:
[29-Oct-2018 13:46:05 UTC] PHP   1. {main}() /home/ubuntu/workspace/recepiepg/recepiepg/admin/admin.page.php:0
[29-Oct-2018 13:46:05 UTC] PHP Fatal error:  require(): Failed opening required 'saveNews.class.php' (include_path='.:/usr/share/php:/usr/share/pear') in /home/ubuntu/workspace/recepiepg/recepiepg/admin/admin.page.php on line 10
[29-Oct-2018 13:46:05 UTC] PHP Stack trace:
[29-Oct-2018 13:46:05 UTC] PHP   1. {main}() /home/ubuntu/workspace/recepiepg/recepiepg/admin/admin.page.php:0
[30-Oct-2018 05:14:53 UTC] PHP Parse error:  syntax error, unexpected '<<' (T_SL) in /home/ubuntu/workspace/recepiepg/recepiepg/admin/admin.page.php on line 6
[30-Oct-2018 05:15:56 UTC] PHP Parse error:  syntax error, unexpected '<<' (T_SL), expecting function (T_FUNCTION) in /home/ubuntu/workspace/recepiepg/recepiepg/classes/rec.calss.php on line 7
[30-Oct-2018 05:15:56 UTC] PHP Stack trace:
[30-Oct-2018 05:15:56 UTC] PHP   1. {main}() /home/ubuntu/workspace/recepiepg/recepiepg/admin/admin.page.php:0
[30-Oct-2018 05:16:32 UTC] PHP Parse error:  syntax error, unexpected '<<' (T_SL), expecting function (T_FUNCTION) in /home/ubuntu/workspace/recepiepg/recepiepg/classes/rec.calss.php on line 7
[30-Oct-2018 05:16:32 UTC] PHP Stack trace:
[30-Oct-2018 05:16:32 UTC] PHP   1. {main}() /home/ubuntu/workspace/recepiepg/recepiepg/admin/admin.page.php:0
[30-Oct-2018 05:16:49 UTC] PHP Parse error:  syntax error, unexpected '<<' (T_SL), expecting function (T_FUNCTION) in /home/ubuntu/workspace/recepiepg/recepiepg/classes/rec.calss.php on line 7
[30-Oct-2018 05:16:49 UTC] PHP Stack trace:
[30-Oct-2018 05:16:49 UTC] PHP   1. {main}() /home/ubuntu/workspace/recepiepg/recepiepg/admin/admin.page.php:0
[30-Oct-2018 05:17:18 UTC] PHP Parse error:  syntax error, unexpected '<<' (T_SL) in /home/ubuntu/workspace/recepiepg/recepiepg/classes/rec.calss.php on line 73
[30-Oct-2018 05:17:18 UTC] PHP Stack trace:
[30-Oct-2018 05:17:18 UTC] PHP   1. {main}() /home/ubuntu/workspace/recepiepg/recepiepg/admin/admin.page.php:0
[30-Oct-2018 05:18:31 UTC] PHP Warning:  SQLite3::exec(): table category already exists in /home/ubuntu/workspace/recepiepg/recepiepg/classes/rec.calss.php on line 46
[30-Oct-2018 05:18:31 UTC] PHP Stack trace:
[30-Oct-2018 05:18:31 UTC] PHP   1. {main}() /home/ubuntu/workspace/recepiepg/recepiepg/admin/admin.page.php:0
[30-Oct-2018 05:18:31 UTC] PHP   2. RecDB->__construct() /home/ubuntu/workspace/recepiepg/recepiepg/admin/admin.page.php:10
[30-Oct-2018 05:18:31 UTC] PHP   3. SQLite3->exec() /home/ubuntu/workspace/recepiepg/recepiepg/classes/rec.calss.php:46
[30-Oct-2018 05:19:09 UTC] PHP Warning:  SQLite3::exec(): table category already exists in /home/ubuntu/workspace/recepiepg/recepiepg/classes/rec.calss.php on line 46
[30-Oct-2018 05:19:09 UTC] PHP Stack trace:
[30-Oct-2018 05:19:09 UTC] PHP   1. {main}() /home/ubuntu/workspace/recepiepg/recepiepg/admin/admin.page.php:0
[30-Oct-2018 05:19:09 UTC] PHP   2. RecDB->__construct() /home/ubuntu/workspace/recepiepg/recepiepg/admin/admin.page.php:10
[30-Oct-2018 05:19:09 UTC] PHP   3. SQLite3->exec() /home/ubuntu/workspace/recepiepg/recepiepg/classes/rec.calss.php:46
[30-Oct-2018 05:20:43 UTC] PHP Warning:  SQLite3::exec(): table category already exists in /home/ubuntu/workspace/recepiepg/recepiepg/classes/rec.calss.php on line 46
[30-Oct-2018 05:20:43 UTC] PHP Stack trace:
[30-Oct-2018 05:20:43 UTC] PHP   1. {main}() /home/ubuntu/workspace/recepiepg/recepiepg/admin/admin.page.php:0
[30-Oct-2018 05:20:43 UTC] PHP   2. RecDB->__construct() /home/ubuntu/workspace/recepiepg/recepiepg/admin/admin.page.php:10
[30-Oct-2018 05:20:43 UTC] PHP   3. SQLite3->exec() /home/ubuntu/workspace/recepiepg/recepiepg/classes/rec.calss.php:46
[30-Oct-2018 05:21:47 UTC] PHP Warning:  SQLite3::exec(): table category already exists in /home/ubuntu/workspace/recepiepg/recepiepg/classes/rec.calss.php on line 46
[30-Oct-2018 05:21:47 UTC] PHP Stack trace:
[30-Oct-2018 05:21:47 UTC] PHP   1. {main}() /home/ubuntu/workspace/recepiepg/recepiepg/admin/admin.page.php:0
[30-Oct-2018 05:21:47 UTC] PHP   2. RecDB->__construct() /home/ubuntu/workspace/recepiepg/recepiepg/admin/admin.page.php:10
[30-Oct-2018 05:21:47 UTC] PHP   3. SQLite3->exec() /home/ubuntu/workspace/recepiepg/recepiepg/classes/rec.calss.php:46
[30-Oct-2018 05:23:49 UTC] PHP Warning:  SQLite3::exec(): table resps already exists in /home/ubuntu/workspace/recepiepg/recepiepg/classes/rec.calss.php on line 25
[30-Oct-2018 05:23:49 UTC] PHP Stack trace:
[30-Oct-2018 05:23:49 UTC] PHP   1. {main}() /home/ubuntu/workspace/recepiepg/recepiepg/admin/admin.page.php:0
[30-Oct-2018 05:23:49 UTC] PHP   2. RecDB->__construct() /home/ubuntu/workspace/recepiepg/recepiepg/admin/admin.page.php:10
[30-Oct-2018 05:23:49 UTC] PHP   3. SQLite3->exec() /home/ubuntu/workspace/recepiepg/recepiepg/classes/rec.calss.php:25
[30-Oct-2018 05:25:21 UTC] PHP Warning:  SQLite3::exec(): table resps already exists in /home/ubuntu/workspace/recepiepg/recepiepg/classes/rec.calss.php on line 25
[30-Oct-2018 05:25:21 UTC] PHP Stack trace:
[30-Oct-2018 05:25:21 UTC] PHP   1. {main}() /home/ubuntu/workspace/recepiepg/recepiepg/admin/admin.page.php:0
[30-Oct-2018 05:25:21 UTC] PHP   2. RecDB->__construct() /home/ubuntu/workspace/recepiepg/recepiepg/admin/admin.page.php:10
[30-Oct-2018 05:25:21 UTC] PHP   3. SQLite3->exec() /home/ubuntu/workspace/recepiepg/recepiepg/classes/rec.calss.php:25
[30-Oct-2018 06:07:44 UTC] PHP Warning:  SQLite3::exec(): table category already exists in /home/ubuntu/workspace/recepiepg/recepiepg/classes/rec.calss.php on line 46
[30-Oct-2018 06:07:44 UTC] PHP Stack trace:
[30-Oct-2018 06:07:44 UTC] PHP   1. {main}() /home/ubuntu/workspace/recepiepg/recepiepg/admin/admin.page.php:0
[30-Oct-2018 06:07:44 UTC] PHP   2. RecDB->__construct() /home/ubuntu/workspace/recepiepg/recepiepg/admin/admin.page.php:10
[30-Oct-2018 06:07:44 UTC] PHP   3. SQLite3->exec() /home/ubuntu/workspace/recepiepg/recepiepg/classes/rec.calss.php:46
[30-Oct-2018 06:08:30 UTC] PHP Warning:  SQLite3::exec(): no such column: ff in /home/ubuntu/workspace/recepiepg/recepiepg/classes/rec.calss.php on line 63
[30-Oct-2018 06:08:30 UTC] PHP Stack trace:
[30-Oct-2018 06:08:30 UTC] PHP   1. {main}() /home/ubuntu/workspace/recepiepg/recepiepg/admin/admin.page.php:0
[30-Oct-2018 06:08:30 UTC] PHP   2. require() /home/ubuntu/workspace/recepiepg/recepiepg/admin/admin.page.php:13
[30-Oct-2018 06:08:30 UTC] PHP   3. RecDB->saveRec() /home/ubuntu/workspace/recepiepg/recepiepg/classes/SaveRec.class.php:13
[30-Oct-2018 06:08:30 UTC] PHP   4. SQLite3->exec() /home/ubuntu/workspace/recepiepg/recepiepg/classes/rec.calss.php:63
[30-Oct-2018 06:08:30 UTC] PHP Warning:  Cannot modify header information - headers already sent by (output started at /home/ubuntu/workspace/recepiepg/recepiepg/classes/rec.calss.php:63) in /home/ubuntu/workspace/recepiepg/recepiepg/classes/saveNews.class.php on line 12
[30-Oct-2018 06:08:30 UTC] PHP Stack trace:
[30-Oct-2018 06:08:30 UTC] PHP   1. {main}() /home/ubuntu/workspace/recepiepg/recepiepg/admin/admin.page.php:0
[30-Oct-2018 06:08:30 UTC] PHP   2. require() /home/ubuntu/workspace/recepiepg/recepiepg/admin/admin.page.php:19
[30-Oct-2018 06:08:30 UTC] PHP   3. header() /home/ubuntu/workspace/recepiepg/recepiepg/classes/saveNews.class.php:12
[30-Oct-2018 06:11:29 UTC] PHP Warning:  SQLite3::exec(): table category already exists in /home/ubuntu/workspace/recepiepg/recepiepg/classes/rec.calss.php on line 46
[30-Oct-2018 06:11:29 UTC] PHP Stack trace:
[30-Oct-2018 06:11:29 UTC] PHP   1. {main}() /home/ubuntu/workspace/recepiepg/recepiepg/admin/admin.page.php:0
[30-Oct-2018 06:11:29 UTC] PHP   2. RecDB->__construct() /home/ubuntu/workspace/recepiepg/recepiepg/admin/admin.page.php:10
[30-Oct-2018 06:11:29 UTC] PHP   3. SQLite3->exec() /home/ubuntu/workspace/recepiepg/recepiepg/classes/rec.calss.php:46
[30-Oct-2018 06:12:57 UTC] PHP Warning:  SQLite3::exec(): near "Broccoli": syntax error in /home/ubuntu/workspace/recepiepg/recepiepg/classes/rec.calss.php on line 61
[30-Oct-2018 06:12:57 UTC] PHP Stack trace:
[30-Oct-2018 06:12:57 UTC] PHP   1. {main}() /home/ubuntu/workspace/recepiepg/recepiepg/admin/admin.page.php:0
[30-Oct-2018 06:12:57 UTC] PHP   2. require() /home/ubuntu/workspace/recepiepg/recepiepg/admin/admin.page.php:13
[30-Oct-2018 06:12:57 UTC] PHP   3. RecDB->saveRec() /home/ubuntu/workspace/recepiepg/recepiepg/classes/SaveRec.class.php:13
[30-Oct-2018 06:12:57 UTC] PHP   4. SQLite3->exec() /home/ubuntu/workspace/recepiepg/recepiepg/classes/rec.calss.php:61
[30-Oct-2018 06:12:57 UTC] PHP Warning:  Cannot modify header information - headers already sent by (output started at /home/ubuntu/workspace/recepiepg/recepiepg/classes/rec.calss.php:61) in /home/ubuntu/workspace/recepiepg/recepiepg/classes/saveNews.class.php on line 12
[30-Oct-2018 06:12:57 UTC] PHP Stack trace:
[30-Oct-2018 06:12:57 UTC] PHP   1. {main}() /home/ubuntu/workspace/recepiepg/recepiepg/admin/admin.page.php:0
[30-Oct-2018 06:12:57 UTC] PHP   2. require() /home/ubuntu/workspace/recepiepg/recepiepg/admin/admin.page.php:19
[30-Oct-2018 06:12:57 UTC] PHP   3. header() /home/ubuntu/workspace/recepiepg/recepiepg/classes/saveNews.class.php:12
[30-Oct-2018 06:15:06 UTC] PHP Warning:  SQLite3::exec(): near "Broccoli": syntax error in /home/ubuntu/workspace/recepiepg/recepiepg/classes/rec.calss.php on line 61
[30-Oct-2018 06:15:06 UTC] PHP Stack trace:
[30-Oct-2018 06:15:06 UTC] PHP   1. {main}() /home/ubuntu/workspace/recepiepg/recepiepg/admin/admin.page.php:0
[30-Oct-2018 06:15:06 UTC] PHP   2. require() /home/ubuntu/workspace/recepiepg/recepiepg/admin/admin.page.php:13
[30-Oct-2018 06:15:06 UTC] PHP   3. RecDB->saveRec() /home/ubuntu/workspace/recepiepg/recepiepg/classes/SaveRec.class.php:13
[30-Oct-2018 06:15:06 UTC] PHP   4. SQLite3->exec() /home/ubuntu/workspace/recepiepg/recepiepg/classes/rec.calss.php:61
[30-Oct-2018 06:15:06 UTC] PHP Warning:  Cannot modify header information - headers already sent by (output started at /home/ubuntu/workspace/recepiepg/recepiepg/classes/rec.calss.php:61) in /home/ubuntu/workspace/recepiepg/recepiepg/classes/saveNews.class.php on line 12
[30-Oct-2018 06:15:06 UTC] PHP Stack trace:
[30-Oct-2018 06:15:06 UTC] PHP   1. {main}() /home/ubuntu/workspace/recepiepg/recepiepg/admin/admin.page.php:0
[30-Oct-2018 06:15:06 UTC] PHP   2. require() /home/ubuntu/workspace/recepiepg/recepiepg/admin/admin.page.php:19
[30-Oct-2018 06:15:06 UTC] PHP   3. header() /home/ubuntu/workspace/recepiepg/recepiepg/classes/saveNews.class.php:12
[30-Oct-2018 06:15:44 UTC] PHP Warning:  SQLite3::exec(): near "Broccoli": syntax error in /home/ubuntu/workspace/recepiepg/recepiepg/classes/rec.calss.php on line 61
[30-Oct-2018 06:15:44 UTC] PHP Stack trace:
[30-Oct-2018 06:15:44 UTC] PHP   1. {main}() /home/ubuntu/workspace/recepiepg/recepiepg/admin/admin.page.php:0
[30-Oct-2018 06:15:44 UTC] PHP   2. require() /home/ubuntu/workspace/recepiepg/recepiepg/admin/admin.page.php:13
[30-Oct-2018 06:15:44 UTC] PHP   3. RecDB->saveRec() /home/ubuntu/workspace/recepiepg/recepiepg/classes/SaveRec.class.php:12
[30-Oct-2018 06:15:44 UTC] PHP   4. SQLite3->exec() /home/ubuntu/workspace/recepiepg/recepiepg/classes/rec.calss.php:61
[30-Oct-2018 06:15:44 UTC] PHP Warning:  Cannot modify header information - headers already sent by (output started at /home/ubuntu/workspace/recepiepg/recepiepg/classes/rec.calss.php:61) in /home/ubuntu/workspace/recepiepg/recepiepg/classes/saveNews.class.php on line 12
[30-Oct-2018 06:15:44 UTC] PHP Stack trace:
[30-Oct-2018 06:15:44 UTC] PHP   1. {main}() /home/ubuntu/workspace/recepiepg/recepiepg/admin/admin.page.php:0
[30-Oct-2018 06:15:44 UTC] PHP   2. require() /home/ubuntu/workspace/recepiepg/recepiepg/admin/admin.page.php:19
[30-Oct-2018 06:15:44 UTC] PHP   3. header() /home/ubuntu/workspace/recepiepg/recepiepg/classes/saveNews.class.php:12
[30-Oct-2018 06:17:48 UTC] PHP Warning:  SQLite3::exec(): near "Broccoli": syntax error in /home/ubuntu/workspace/recepiepg/recepiepg/classes/rec.calss.php on line 61
[30-Oct-2018 06:17:48 UTC] PHP Stack trace:
[30-Oct-2018 06:17:48 UTC] PHP   1. {main}() /home/ubuntu/workspace/recepiepg/recepiepg/admin/admin.page.php:0
[30-Oct-2018 06:17:48 UTC] PHP   2. require() /home/ubuntu/workspace/recepiepg/recepiepg/admin/admin.page.php:13
[30-Oct-2018 06:17:48 UTC] PHP   3. RecDB->saveRec() /home/ubuntu/workspace/recepiepg/recepiepg/classes/SaveRec.class.php:12
[30-Oct-2018 06:17:48 UTC] PHP   4. SQLite3->exec() /home/ubuntu/workspace/recepiepg/recepiepg/classes/rec.calss.php:61
[30-Oct-2018 06:17:48 UTC] PHP Warning:  require(../classes/saveRec.class.php): failed to open stream: No such file or directory in /home/ubuntu/workspace/recepiepg/recepiepg/admin/admin.page.php on line 19
[30-Oct-2018 06:17:48 UTC] PHP Stack trace:
[30-Oct-2018 06:17:48 UTC] PHP   1. {main}() /home/ubuntu/workspace/recepiepg/recepiepg/admin/admin.page.php:0
[30-Oct-2018 06:17:48 UTC] PHP Fatal error:  require(): Failed opening required '../classes/saveRec.class.php' (include_path='.:/usr/share/php:/usr/share/pear') in /home/ubuntu/workspace/recepiepg/recepiepg/admin/admin.page.php on line 19
[30-Oct-2018 06:17:48 UTC] PHP Stack trace:
[30-Oct-2018 06:17:48 UTC] PHP   1. {main}() /home/ubuntu/workspace/recepiepg/recepiepg/admin/admin.page.php:0
[30-Oct-2018 06:18:39 UTC] PHP Warning:  SQLite3::exec(): near "Broccoli": syntax error in /home/ubuntu/workspace/recepiepg/recepiepg/classes/rec.calss.php on line 61
[30-Oct-2018 06:18:39 UTC] PHP Stack trace:
[30-Oct-2018 06:18:39 UTC] PHP   1. {main}() /home/ubuntu/workspace/recepiepg/recepiepg/admin/admin.page.php:0
[30-Oct-2018 06:18:39 UTC] PHP   2. require() /home/ubuntu/workspace/recepiepg/recepiepg/admin/admin.page.php:13
[30-Oct-2018 06:18:39 UTC] PHP   3. RecDB->saveRec() /home/ubuntu/workspace/recepiepg/recepiepg/classes/SaveRec.class.php:12
[30-Oct-2018 06:18:39 UTC] PHP   4. SQLite3->exec() /home/ubuntu/workspace/recepiepg/recepiepg/classes/rec.calss.php:61
[30-Oct-2018 06:21:21 UTC] PHP Warning:  SQLite3::exec(): near "Broccoli": syntax error in /home/ubuntu/workspace/recepiepg/recepiepg/classes/rec.calss.php on line 61
[30-Oct-2018 06:21:21 UTC] PHP Stack trace:
[30-Oct-2018 06:21:21 UTC] PHP   1. {main}() /home/ubuntu/workspace/recepiepg/recepiepg/admin/admin.page.php:0
[30-Oct-2018 06:21:21 UTC] PHP   2. require() /home/ubuntu/workspace/recepiepg/recepiepg/admin/admin.page.php:13
[30-Oct-2018 06:21:21 UTC] PHP   3. RecDB->saveRec() /home/ubuntu/workspace/recepiepg/recepiepg/classes/SaveRec.class.php:12
[30-Oct-2018 06:21:21 UTC] PHP   4. SQLite3->exec() /home/ubuntu/workspace/recepiepg/recepiepg/classes/rec.calss.php:61
[30-Oct-2018 06:22:28 UTC] PHP Warning:  SQLite3::exec(): near "Broccoli": syntax error in /home/ubuntu/workspace/recepiepg/recepiepg/classes/rec.calss.php on line 61
[30-Oct-2018 06:22:28 UTC] PHP Stack trace:
[30-Oct-2018 06:22:28 UTC] PHP   1. {main}() /home/ubuntu/workspace/recepiepg/recepiepg/admin/admin.page.php:0
[30-Oct-2018 06:22:28 UTC] PHP   2. require() /home/ubuntu/workspace/recepiepg/recepiepg/admin/admin.page.php:13
[30-Oct-2018 06:22:28 UTC] PHP   3. RecDB->saveRec() /home/ubuntu/workspace/recepiepg/recepiepg/classes/SaveRec.class.php:12
[30-Oct-2018 06:22:28 UTC] PHP   4. SQLite3->exec() /home/ubuntu/workspace/recepiepg/recepiepg/classes/rec.calss.php:61
[30-Oct-2018 06:45:41 UTC] PHP Warning:  SQLite3::exec(): near "Broccoli": syntax error in /home/ubuntu/workspace/recepiepg/recepiepg/classes/rec.calss.php on line 63
[30-Oct-2018 06:45:41 UTC] PHP Stack trace:
[30-Oct-2018 06:45:41 UTC] PHP   1. {main}() /home/ubuntu/workspace/recepiepg/recepiepg/admin/admin.page.php:0
[30-Oct-2018 06:45:41 UTC] PHP   2. require() /home/ubuntu/workspace/recepiepg/recepiepg/admin/admin.page.php:13
[30-Oct-2018 06:45:41 UTC] PHP   3. RecDB->saveRec() /home/ubuntu/workspace/recepiepg/recepiepg/classes/SaveRec.class.php:12
[30-Oct-2018 06:45:41 UTC] PHP   4. SQLite3->exec() /home/ubuntu/workspace/recepiepg/recepiepg/classes/rec.calss.php:63
